<?xml version="1.0" encoding="UTF-8"?>
<testsuite xmlns:xsi="http://www.w3.org/2001/XMLSchema-instance" xsi:noNamespaceSchemaLocation="https://maven.apache.org/surefire/maven-surefire-plugin/xsd/surefire-test-report-3.0.xsd" version="3.0" name="testCases.testCasesMobileAssignment" time="49.406" tests="6" errors="0" skipped="0" failures="1">
  <properties>
[...]
</properties>
  <testcase name="test_01_homePage_is_displayed" classname="testCases.testCasesMobileAssignment" time="3.853">
    <system-out><![CDATA[Home Page displayed properly
]]></system-out>
    <system-err><![CDATA[Mar 06, 2022 10:23:04 PM io.appium.java_client.remote.AppiumCommandExecutor$1 lambda$0
INFO: Detected dialect: W3C
]]></system-err>
  </testcase>
  <testcase name="test_02_CityListInHomeViewIsScrollable" classname="testCases.testCasesMobileAssignment" time="9.548">
    <system-out><![CDATA[City List is Scrollable, and test Case is Passed
]]></system-out>
  </testcase>
  <testcase name="test_03_CitySearchWhichIsNotPartOfList" classname="testCases.testCasesMobileAssignment" time="4.131">
    <system-out><![CDATA[City with random alphabets is not available
]]></system-out>
  </testcase>
  <testcase name="test_04_SearchCityNameAlongWithCountryCode" classname="testCases.testCasesMobileAssignment" time="4.04">
    <failure message="Can&apos;t locate an element by this strategy: By.chained({By.xpath: //android.widget.TextView[@text=&apos;Bangalore, IN&apos;]})" type="org.openqa.selenium.NoSuchElementException"><![CDATA[org.openqa.selenium.NoSuchElementException: Can't locate an element by this strategy: By.chained({By.xpath: //android.widget.TextView[@text='Bangalore, IN']})
	at testCases.testCasesMobileAssignment.test_04_SearchCityNameAlongWithCountryCode(testCasesMobileAssignment.java:51)
Caused by: org.openqa.selenium.TimeoutException: Expected condition failed: waiting for io.appium.java_client.pagefactory.AppiumElementLocator$WaitingFunction@6c2f1700 (tried for 1 second(s) with 500 milliseconds interval)
	at testCases.testCasesMobileAssignment.test_04_SearchCityNameAlongWithCountryCode(testCasesMobileAssignment.java:51)
Caused by: org.openqa.selenium.NoSuchElementException: 
Cannot locate an element using By.chained({By.xpath: //android.widget.TextView[@text='Bangalore, IN']})
For documentation on this error, please visit: https://www.seleniumhq.org/exceptions/no_such_element.html
Build info: version: '3.141.59', revision: 'e82be7d358', time: '2018-11-14T08:17:03'
System info: host: 'PULIGILLA', ip: '192.168.1.100', os.name: 'Windows 10', os.arch: 'amd64', os.version: '10.0', java.version: '11.0.14'
Driver info: driver.version: AndroidDriver
	at testCases.testCasesMobileAssignment.test_04_SearchCityNameAlongWithCountryCode(testCasesMobileAssignment.java:51)
]]></failure>
  </testcase>
  <testcase name="test_05_SearchCityNameByEnteringSpecialCharacters" classname="testCases.testCasesMobileAssignment" time="4.952">
    <system-out><![CDATA[City with special characters is not available, and test Case is Passed
]]></system-out>
  </testcase>
  <testcase name="test_06_SwitchToMapViewFromHomeView" classname="testCases.testCasesMobileAssignment" time="5.423">
    <system-out><![CDATA[Google map view is displayed, and test case is Passed
]]></system-out>
  </testcase>
</testsuite>